# JRE version: Java(TM) SE Runtime Environment (8.0_181-b13) (build 1.8.0_181-b13)
# Java VM: Java HotSpot(TM) 64-Bit Server VM (25.181-b13 mixed mode windows-amd64 compressed oops)
Heap:
 PSYoungGen      total 584704K, used 145155K [0x00000000d6400000, 0x00000000ff800000, 0x0000000100000000)
  eden space 578048K, 23% used [0x00000000d6400000,0x00000000deb70fc8,0x00000000f9880000)
  from space 6656K, 97% used [0x00000000fe780000,0x00000000fedd0000,0x00000000fee00000)
  to   space 9728K, 0% used [0x00000000fee80000,0x00000000fee80000,0x00000000ff800000)
 ParOldGen       total 47104K, used 26070K [0x0000000082c00000, 0x0000000085a00000, 0x00000000d6400000)
  object space 47104K, 55% used [0x0000000082c00000,0x0000000084575a98,0x0000000085a00000)
 Metaspace       used 3901K, capacity 4684K, committed 4864K, reserved 1056768K
  class space    used 420K, capacity 436K, committed 512K, reserved 1048576K
GC Heap History (10 events):
Event: 2393.409 GC heap before
{Heap before GC invocations=1980 (full 3):
 PSYoungGen      total 677376K, used 674240K [0x00000000d6400000, 0x0000000100000000, 0x0000000100000000)
  eden space 670720K, 100% used [0x00000000d6400000,0x00000000ff300000,0x00000000ff300000)
  from space 6656K, 52% used [0x00000000ff980000,0x00000000ffcf0000,0x0000000100000000)
  to   space 6656K, 0% used [0x00000000ff300000,0x00000000ff300000,0x00000000ff980000)
 ParOldGen       total 47104K, used 22054K [0x0000000082c00000, 0x0000000085a00000, 0x00000000d6400000)
  object space 47104K, 46% used [0x0000000082c00000,0x0000000084189bf8,0x0000000085a00000)
 Metaspace       used 3901K, capacity 4684K, committed 4864K, reserved 1056768K
  class space    used 420K, capacity 436K, committed 512K, reserved 1048576K
Event: 2393.436 GC heap after
Heap after GC invocations=1980 (full 3):
 PSYoungGen      total 675328K, used 4576K [0x00000000d6400000, 0x0000000100000000, 0x0000000100000000)
  eden space 670720K, 0% used [0x00000000d6400000,0x00000000d6400000,0x00000000ff300000)
  from space 4608K, 99% used [0x00000000ff300000,0x00000000ff778000,0x00000000ff780000)
  to   space 7168K, 0% used [0x00000000ff900000,0x00000000ff900000,0x0000000100000000)
 ParOldGen       total 47104K, used 22294K [0x0000000082c00000, 0x0000000085a00000, 0x00000000d6400000)
  object space 47104K, 47% used [0x0000000082c00000,0x00000000841c5a98,0x0000000085a00000)
 Metaspace       used 3901K, capacity 4684K, committed 4864K, reserved 1056768K
  class space    used 420K, capacity 436K, committed 512K, reserved 1048576K
}
Event: 2397.654 GC heap before
{Heap before GC invocations=1981 (full 3):
 PSYoungGen      total 675328K, used 675296K [0x00000000d6400000, 0x0000000100000000, 0x0000000100000000)
  eden space 670720K, 100% used [0x00000000d6400000,0x00000000ff300000,0x00000000ff300000)
  from space 4608K, 99% used [0x00000000ff300000,0x00000000ff778000,0x00000000ff780000)
  to   space 7168K, 0% used [0x00000000ff900000,0x00000000ff900000,0x0000000100000000)
 ParOldGen       total 47104K, used 22294K [0x0000000082c00000, 0x0000000085a00000, 0x00000000d6400000)
  object space 47104K, 47% used [0x0000000082c00000,0x00000000841c5a98,0x0000000085a00000)
 Metaspace       used 3901K, capacity 4684K, committed 4864K, reserved 1056768K
  class space    used 420K, capacity 436K, committed 512K, reserved 1048576K
Event: 2397.680 GC heap after
Heap after GC invocations=1981 (full 3):
 PSYoungGen      total 675840K, used 4576K [0x00000000d6400000, 0x0000000100000000, 0x0000000100000000)
  eden space 668672K, 0% used [0x00000000d6400000,0x00000000d6400000,0x00000000ff100000)
  from space 7168K, 63% used [0x00000000ff900000,0x00000000ffd78000,0x0000000100000000)
  to   space 7680K, 0% used [0x00000000ff100000,0x00000000ff100000,0x00000000ff880000)
 ParOldGen       total 47104K, used 22310K [0x0000000082c00000, 0x0000000085a00000, 0x00000000d6400000)
  object space 47104K, 47% used [0x0000000082c00000,0x00000000841c9a98,0x0000000085a00000)
 Metaspace       used 3901K, capacity 4684K, committed 4864K, reserved 1056768K
  class space    used 420K, capacity 436K, committed 512K, reserved 1048576K
}
Event: 2401.667 GC heap before
{Heap before GC invocations=1982 (full 3):
 PSYoungGen      total 675840K, used 673248K [0x00000000d6400000, 0x0000000100000000, 0x0000000100000000)
  eden space 668672K, 100% used [0x00000000d6400000,0x00000000ff100000,0x00000000ff100000)
  from space 7168K, 63% used [0x00000000ff900000,0x00000000ffd78000,0x0000000100000000)
  to   space 7680K, 0% used [0x00000000ff100000,0x00000000ff100000,0x00000000ff880000)
 ParOldGen       total 47104K, used 22310K [0x0000000082c00000, 0x0000000085a00000, 0x00000000d6400000)
  object space 47104K, 47% used [0x0000000082c00000,0x00000000841c9a98,0x0000000085a00000)
 Metaspace       used 3901K, capacity 4684K, committed 4864K, reserved 1056768K
  class space    used 420K, capacity 436K, committed 512K, reserved 1048576K
Event: 2401.692 GC heap after
Heap after GC invocations=1982 (full 3):
 PSYoungGen      total 643584K, used 6464K [0x00000000d6400000, 0x00000000ff980000, 0x0000000100000000)
  eden space 636928K, 0% used [0x00000000d6400000,0x00000000d6400000,0x00000000fd200000)
  from space 6656K, 97% used [0x00000000ff100000,0x00000000ff750000,0x00000000ff780000)
  to   space 2048K, 0% used [0x00000000ff780000,0x00000000ff780000,0x00000000ff980000)
 ParOldGen       total 47104K, used 22326K [0x0000000082c00000, 0x0000000085a00000, 0x00000000d6400000)
  object space 47104K, 47% used [0x0000000082c00000,0x00000000841cda98,0x0000000085a00000)
 Metaspace       used 3901K, capacity 4684K, committed 4864K, reserved 1056768K
  class space    used 420K, capacity 436K, committed 512K, reserved 1048576K
}
Event: 2405.386 GC heap before
{Heap before GC invocations=1983 (full 3):
 PSYoungGen      total 643584K, used 643392K [0x00000000d6400000, 0x00000000ff980000, 0x0000000100000000)
  eden space 636928K, 100% used [0x00000000d6400000,0x00000000fd200000,0x00000000fd200000)
  from space 6656K, 97% used [0x00000000ff100000,0x00000000ff750000,0x00000000ff780000)
  to   space 2048K, 0% used [0x00000000ff780000,0x00000000ff780000,0x00000000ff980000)
 ParOldGen       total 47104K, used 22326K [0x0000000082c00000, 0x0000000085a00000, 0x00000000d6400000)
  object space 47104K, 47% used [0x0000000082c00000,0x00000000841cda98,0x0000000085a00000)
 Metaspace       used 3901K, capacity 4684K, committed 4864K, reserved 1056768K
  class space    used 420K, capacity 436K, committed 512K, reserved 1048576K
Event: 2405.413 GC heap after
Heap after GC invocations=1983 (full 3):
 PSYoungGen      total 608768K, used 2048K [0x00000000d6400000, 0x00000000ff980000, 0x0000000100000000)
  eden space 606720K, 0% used [0x00000000d6400000,0x00000000d6400000,0x00000000fb480000)
  from space 2048K, 100% used [0x00000000ff780000,0x00000000ff980000,0x00000000ff980000)
  to   space 9216K, 0% used [0x00000000fe780000,0x00000000fe780000,0x00000000ff080000)
 ParOldGen       total 47104K, used 25958K [0x0000000082c00000, 0x0000000085a00000, 0x00000000d6400000)
  object space 47104K, 55% used [0x0000000082c00000,0x0000000084559a98,0x0000000085a00000)
 Metaspace       used 3901K, capacity 4684K, committed 4864K, reserved 1056768K
  class space    used 420K, capacity 436K, committed 512K, reserved 1048576K
}
Event: 2408.934 GC heap before
{Heap before GC invocations=1984 (full 3):
 PSYoungGen      total 608768K, used 608768K [0x00000000d6400000, 0x00000000ff980000, 0x0000000100000000)
  eden space 606720K, 100% used [0x00000000d6400000,0x00000000fb480000,0x00000000fb480000)
  from space 2048K, 100% used [0x00000000ff780000,0x00000000ff980000,0x00000000ff980000)
  to   space 9216K, 0% used [0x00000000fe780000,0x00000000fe780000,0x00000000ff080000)
 ParOldGen       total 47104K, used 25958K [0x0000000082c00000, 0x0000000085a00000, 0x00000000d6400000)
  object space 47104K, 55% used [0x0000000082c00000,0x0000000084559a98,0x0000000085a00000)
 Metaspace       used 3901K, capacity 4684K, committed 4864K, reserved 1056768K
  class space    used 420K, capacity 436K, committed 512K, reserved 1048576K
Event: 2408.952 GC heap after
Heap after GC invocations=1984 (full 3):
 PSYoungGen      total 584704K, used 6464K [0x00000000d6400000, 0x00000000ff800000, 0x0000000100000000)
  eden space 578048K, 0% used [0x00000000d6400000,0x00000000d6400000,0x00000000f9880000)
  from space 6656K, 97% used [0x00000000fe780000,0x00000000fedd0000,0x00000000fee00000)
  to   space 9728K, 0% used [0x00000000fee80000,0x00000000fee80000,0x00000000ff800000)
 ParOldGen       total 47104K, used 26070K [0x0000000082c00000, 0x0000000085a00000, 0x00000000d6400000)
  object space 47104K, 55% used [0x0000000082c00000,0x0000000084575a98,0x0000000085a00000)
 Metaspace       used 3901K, capacity 4684K, committed 4864K, reserved 1056768K
  class space    used 420K, capacity 436K, committed 512K, reserved 1048576K
}

