# JRE version: Java(TM) SE Runtime Environment (8.0_181-b13) (build 1.8.0_181-b13)
# Java VM: Java HotSpot(TM) 64-Bit Server VM (25.181-b13 mixed mode windows-amd64 compressed oops)
Heap:
 PSYoungGen      total 360448K, used 360224K [0x00000000d6400000, 0x00000000f9a00000, 0x0000000100000000)
  eden space 356352K, 100% used [0x00000000d6400000,0x00000000ec000000,0x00000000ec000000)
  from space 4096K, 94% used [0x00000000f9600000,0x00000000f99c8000,0x00000000f9a00000)
  to   space 8192K, 15% used [0x00000000f8a00000,0x00000000f8b40000,0x00000000f9200000)
 ParOldGen       total 48128K, used 30337K [0x0000000082c00000, 0x0000000085b00000, 0x00000000d6400000)
  object space 48128K, 63% used [0x0000000082c00000,0x00000000849a06f0,0x0000000085b00000)
 Metaspace       used 3899K, capacity 4684K, committed 4864K, reserved 1056768K
  class space    used 420K, capacity 436K, committed 512K, reserved 1048576K
GC Heap History (10 events):
Event: 1780.048 GC heap after
Heap after GC invocations=1840 (full 2):
 PSYoungGen      total 342016K, used 160K [0x00000000d6400000, 0x00000000fa480000, 0x0000000100000000)
  eden space 341504K, 0% used [0x00000000d6400000,0x00000000d6400000,0x00000000eb180000)
  from space 512K, 31% used [0x00000000fa400000,0x00000000fa4281a0,0x00000000fa480000)
  to   space 7680K, 0% used [0x00000000f9580000,0x00000000f9580000,0x00000000f9d00000)
 ParOldGen       total 48128K, used 30058K [0x0000000082c00000, 0x0000000085b00000, 0x00000000d6400000)
  object space 48128K, 62% used [0x0000000082c00000,0x000000008495a850,0x0000000085b00000)
 Metaspace       used 3899K, capacity 4684K, committed 4864K, reserved 1056768K
  class space    used 420K, capacity 436K, committed 512K, reserved 1048576K
}
Event: 1780.114 GC heap before
{Heap before GC invocations=1841 (full 2):
 PSYoungGen      total 342016K, used 341641K [0x00000000d6400000, 0x00000000fa480000, 0x0000000100000000)
  eden space 341504K, 99% used [0x00000000d6400000,0x00000000eb17a3e8,0x00000000eb180000)
  from space 512K, 31% used [0x00000000fa400000,0x00000000fa4281a0,0x00000000fa480000)
  to   space 7680K, 0% used [0x00000000f9580000,0x00000000f9580000,0x00000000f9d00000)
 ParOldGen       total 48128K, used 30058K [0x0000000082c00000, 0x0000000085b00000, 0x00000000d6400000)
  object space 48128K, 62% used [0x0000000082c00000,0x000000008495a850,0x0000000085b00000)
 Metaspace       used 3899K, capacity 4684K, committed 4864K, reserved 1056768K
  class space    used 420K, capacity 436K, committed 512K, reserved 1048576K
Event: 1780.115 GC heap after
Heap after GC invocations=1841 (full 2):
 PSYoungGen      total 333824K, used 382K [0x00000000d6400000, 0x00000000fa480000, 0x0000000100000000)
  eden space 326144K, 0% used [0x00000000d6400000,0x00000000d6400000,0x00000000ea280000)
  from space 7680K, 4% used [0x00000000f9580000,0x00000000f95dfad0,0x00000000f9d00000)
  to   space 7680K, 0% used [0x00000000f9d00000,0x00000000f9d00000,0x00000000fa480000)
 ParOldGen       total 48128K, used 30058K [0x0000000082c00000, 0x0000000085b00000, 0x00000000d6400000)
  object space 48128K, 62% used [0x0000000082c00000,0x000000008495a850,0x0000000085b00000)
 Metaspace       used 3899K, capacity 4684K, committed 4864K, reserved 1056768K
  class space    used 420K, capacity 436K, committed 512K, reserved 1048576K
}
Event: 1780.188 GC heap before
{Heap before GC invocations=1842 (full 2):
 PSYoungGen      total 333824K, used 326433K [0x00000000d6400000, 0x00000000fa480000, 0x0000000100000000)
  eden space 326144K, 99% used [0x00000000d6400000,0x00000000ea268968,0x00000000ea280000)
  from space 7680K, 4% used [0x00000000f9580000,0x00000000f95dfad0,0x00000000f9d00000)
  to   space 7680K, 0% used [0x00000000f9d00000,0x00000000f9d00000,0x00000000fa480000)
 ParOldGen       total 48128K, used 30058K [0x0000000082c00000, 0x0000000085b00000, 0x00000000d6400000)
  object space 48128K, 62% used [0x0000000082c00000,0x000000008495a850,0x0000000085b00000)
 Metaspace       used 3899K, capacity 4684K, committed 4864K, reserved 1056768K
  class space    used 420K, capacity 436K, committed 512K, reserved 1048576K
Event: 1780.191 GC heap after
Heap after GC invocations=1842 (full 2):
 PSYoungGen      total 391680K, used 220K [0x00000000d6400000, 0x00000000f9d80000, 0x0000000100000000)
  eden space 391168K, 0% used [0x00000000d6400000,0x00000000d6400000,0x00000000ee200000)
  from space 512K, 43% used [0x00000000f9d00000,0x00000000f9d37290,0x00000000f9d80000)
  to   space 7680K, 0% used [0x00000000f8e80000,0x00000000f8e80000,0x00000000f9600000)
 ParOldGen       total 48128K, used 30058K [0x0000000082c00000, 0x0000000085b00000, 0x00000000d6400000)
  object space 48128K, 62% used [0x0000000082c00000,0x000000008495a850,0x0000000085b00000)
 Metaspace       used 3899K, capacity 4684K, committed 4864K, reserved 1056768K
  class space    used 420K, capacity 436K, committed 512K, reserved 1048576K
}
Event: 1782.379 GC heap before
{Heap before GC invocations=1843 (full 2):
 PSYoungGen      total 391680K, used 391388K [0x00000000d6400000, 0x00000000f9d80000, 0x0000000100000000)
  eden space 391168K, 100% used [0x00000000d6400000,0x00000000ee200000,0x00000000ee200000)
  from space 512K, 43% used [0x00000000f9d00000,0x00000000f9d37290,0x00000000f9d80000)
  to   space 7680K, 0% used [0x00000000f8e80000,0x00000000f8e80000,0x00000000f9600000)
 ParOldGen       total 48128K, used 30058K [0x0000000082c00000, 0x0000000085b00000, 0x00000000d6400000)
  object space 48128K, 62% used [0x0000000082c00000,0x000000008495a850,0x0000000085b00000)
 Metaspace       used 3899K, capacity 4684K, committed 4864K, reserved 1056768K
  class space    used 420K, capacity 436K, committed 512K, reserved 1048576K
Event: 1782.397 GC heap after
Heap after GC invocations=1843 (full 2):
 PSYoungGen      total 380928K, used 4672K [0x00000000d6400000, 0x00000000f9d80000, 0x0000000100000000)
  eden space 373248K, 0% used [0x00000000d6400000,0x00000000d6400000,0x00000000ed080000)
  from space 7680K, 60% used [0x00000000f8e80000,0x00000000f9310000,0x00000000f9600000)
  to   space 7680K, 0% used [0x00000000f9600000,0x00000000f9600000,0x00000000f9d80000)
 ParOldGen       total 48128K, used 30058K [0x0000000082c00000, 0x0000000085b00000, 0x00000000d6400000)
  object space 48128K, 62% used [0x0000000082c00000,0x000000008495a850,0x0000000085b00000)
 Metaspace       used 3899K, capacity 4684K, committed 4864K, reserved 1056768K
  class space    used 420K, capacity 436K, committed 512K, reserved 1048576K
}
Event: 1785.171 GC heap before
{Heap before GC invocations=1844 (full 2):
 PSYoungGen      total 380928K, used 377920K [0x00000000d6400000, 0x00000000f9d80000, 0x0000000100000000)
  eden space 373248K, 100% used [0x00000000d6400000,0x00000000ed080000,0x00000000ed080000)
  from space 7680K, 60% used [0x00000000f8e80000,0x00000000f9310000,0x00000000f9600000)
  to   space 7680K, 0% used [0x00000000f9600000,0x00000000f9600000,0x00000000f9d80000)
 ParOldGen       total 48128K, used 30058K [0x0000000082c00000, 0x0000000085b00000, 0x00000000d6400000)
  object space 48128K, 62% used [0x0000000082c00000,0x000000008495a850,0x0000000085b00000)
 Metaspace       used 3899K, capacity 4684K, committed 4864K, reserved 1056768K
  class space    used 420K, capacity 436K, committed 512K, reserved 1048576K
Event: 1785.194 GC heap after
Heap after GC invocations=1844 (full 2):
 PSYoungGen      total 360448K, used 3872K [0x00000000d6400000, 0x00000000f9a00000, 0x0000000100000000)
  eden space 356352K, 0% used [0x00000000d6400000,0x00000000d6400000,0x00000000ec000000)
  from space 4096K, 94% used [0x00000000f9600000,0x00000000f99c8000,0x00000000f9a00000)
  to   space 8192K, 0% used [0x00000000f8a00000,0x00000000f8a00000,0x00000000f9200000)
 ParOldGen       total 48128K, used 30305K [0x0000000082c00000, 0x0000000085b00000, 0x00000000d6400000)
  object space 48128K, 62% used [0x0000000082c00000,0x00000000849986f0,0x0000000085b00000)
 Metaspace       used 3899K, capacity 4684K, committed 4864K, reserved 1056768K
  class space    used 420K, capacity 436K, committed 512K, reserved 1048576K
}
Event: 1787.530 GC heap before
{Heap before GC invocations=1845 (full 2):
 PSYoungGen      total 360448K, used 360224K [0x00000000d6400000, 0x00000000f9a00000, 0x0000000100000000)
  eden space 356352K, 100% used [0x00000000d6400000,0x00000000ec000000,0x00000000ec000000)
  from space 4096K, 94% used [0x00000000f9600000,0x00000000f99c8000,0x00000000f9a00000)
  to   space 8192K, 0% used [0x00000000f8a00000,0x00000000f8a00000,0x00000000f9200000)
 ParOldGen       total 48128K, used 30305K [0x0000000082c00000, 0x0000000085b00000, 0x00000000d6400000)
  object space 48128K, 62% used [0x0000000082c00000,0x00000000849986f0,0x0000000085b00000)
 Metaspace       used 3899K, capacity 4684K, committed 4864K, reserved 1056768K
  class space    used 420K, capacity 436K, committed 512K, reserved 1048576K

