# JRE version: Java(TM) SE Runtime Environment (8.0_181-b13) (build 1.8.0_181-b13)
# Java VM: Java HotSpot(TM) 64-Bit Server VM (25.181-b13 mixed mode windows-amd64 compressed oops)
Heap:
 PSYoungGen      total 558080K, used 557984K [0x00000000d6400000, 0x00000000ff380000, 0x0000000100000000)
  eden space 551424K, 100% used [0x00000000d6400000,0x00000000f7e80000,0x00000000f7e80000)
  from space 6656K, 98% used [0x00000000fe400000,0x00000000fea68000,0x00000000fea80000)
  to   space 9216K, 61% used [0x00000000fea80000,0x00000000ff000000,0x00000000ff380000)
 ParOldGen       total 48128K, used 36966K [0x0000000082c00000, 0x0000000085b00000, 0x00000000d6400000)
  object space 48128K, 76% used [0x0000000082c00000,0x0000000085019978,0x0000000085b00000)
 Metaspace       used 3903K, capacity 4684K, committed 4864K, reserved 1056768K
  class space    used 420K, capacity 436K, committed 512K, reserved 1048576K
GC Heap History (10 events):
Event: 6038.332 GC heap after
Heap after GC invocations=2472 (full 9):
 PSYoungGen      total 673792K, used 5984K [0x00000000d6400000, 0x0000000100000000, 0x0000000100000000)
  eden space 667648K, 0% used [0x00000000d6400000,0x00000000d6400000,0x00000000ff000000)
  from space 6144K, 97% used [0x00000000ff000000,0x00000000ff5d8000,0x00000000ff600000)
  to   space 8704K, 0% used [0x00000000ff780000,0x00000000ff780000,0x0000000100000000)
 ParOldGen       total 48128K, used 36734K [0x0000000082c00000, 0x0000000085b00000, 0x00000000d6400000)
  object space 48128K, 76% used [0x0000000082c00000,0x0000000084fdf978,0x0000000085b00000)
 Metaspace       used 3903K, capacity 4684K, committed 4864K, reserved 1056768K
  class space    used 420K, capacity 436K, committed 512K, reserved 1048576K
}
Event: 6055.170 GC heap before
{Heap before GC invocations=2473 (full 9):
 PSYoungGen      total 673792K, used 673632K [0x00000000d6400000, 0x0000000100000000, 0x0000000100000000)
  eden space 667648K, 100% used [0x00000000d6400000,0x00000000ff000000,0x00000000ff000000)
  from space 6144K, 97% used [0x00000000ff000000,0x00000000ff5d8000,0x00000000ff600000)
  to   space 8704K, 0% used [0x00000000ff780000,0x00000000ff780000,0x0000000100000000)
 ParOldGen       total 48128K, used 36734K [0x0000000082c00000, 0x0000000085b00000, 0x00000000d6400000)
  object space 48128K, 76% used [0x0000000082c00000,0x0000000084fdf978,0x0000000085b00000)
 Metaspace       used 3903K, capacity 4684K, committed 4864K, reserved 1056768K
  class space    used 420K, capacity 436K, committed 512K, reserved 1048576K
Event: 6055.217 GC heap after
Heap after GC invocations=2473 (full 9):
 PSYoungGen      total 644096K, used 7424K [0x00000000d6400000, 0x00000000fff00000, 0x0000000100000000)
  eden space 636416K, 0% used [0x00000000d6400000,0x00000000d6400000,0x00000000fd180000)
  from space 7680K, 96% used [0x00000000ff780000,0x00000000ffec0000,0x00000000fff00000)
  to   space 9728K, 0% used [0x00000000fec00000,0x00000000fec00000,0x00000000ff580000)
 ParOldGen       total 48128K, used 36774K [0x0000000082c00000, 0x0000000085b00000, 0x00000000d6400000)
  object space 48128K, 76% used [0x0000000082c00000,0x0000000084fe9978,0x0000000085b00000)
 Metaspace       used 3903K, capacity 4684K, committed 4864K, reserved 1056768K
  class space    used 420K, capacity 436K, committed 512K, reserved 1048576K
}
Event: 6076.373 GC heap before
{Heap before GC invocations=2474 (full 9):
 PSYoungGen      total 644096K, used 643840K [0x00000000d6400000, 0x00000000fff00000, 0x0000000100000000)
  eden space 636416K, 100% used [0x00000000d6400000,0x00000000fd180000,0x00000000fd180000)
  from space 7680K, 96% used [0x00000000ff780000,0x00000000ffec0000,0x00000000fff00000)
  to   space 9728K, 0% used [0x00000000fec00000,0x00000000fec00000,0x00000000ff580000)
 ParOldGen       total 48128K, used 36774K [0x0000000082c00000, 0x0000000085b00000, 0x00000000d6400000)
  object space 48128K, 76% used [0x0000000082c00000,0x0000000084fe9978,0x0000000085b00000)
 Metaspace       used 3903K, capacity 4684K, committed 4864K, reserved 1056768K
  class space    used 420K, capacity 436K, committed 512K, reserved 1048576K
Event: 6076.433 GC heap after
Heap after GC invocations=2474 (full 9):
 PSYoungGen      total 613888K, used 6880K [0x00000000d6400000, 0x00000000ff800000, 0x0000000100000000)
  eden space 606720K, 0% used [0x00000000d6400000,0x00000000d6400000,0x00000000fb480000)
  from space 7168K, 95% used [0x00000000fec00000,0x00000000ff2b8000,0x00000000ff300000)
  to   space 5120K, 0% used [0x00000000ff300000,0x00000000ff300000,0x00000000ff800000)
 ParOldGen       total 48128K, used 36838K [0x0000000082c00000, 0x0000000085b00000, 0x00000000d6400000)
  object space 48128K, 76% used [0x0000000082c00000,0x0000000084ff9978,0x0000000085b00000)
 Metaspace       used 3903K, capacity 4684K, committed 4864K, reserved 1056768K
  class space    used 420K, capacity 436K, committed 512K, reserved 1048576K
}
Event: 6092.999 GC heap before
{Heap before GC invocations=2475 (full 9):
 PSYoungGen      total 613888K, used 613600K [0x00000000d6400000, 0x00000000ff800000, 0x0000000100000000)
  eden space 606720K, 100% used [0x00000000d6400000,0x00000000fb480000,0x00000000fb480000)
  from space 7168K, 95% used [0x00000000fec00000,0x00000000ff2b8000,0x00000000ff300000)
  to   space 5120K, 0% used [0x00000000ff300000,0x00000000ff300000,0x00000000ff800000)
 ParOldGen       total 48128K, used 36838K [0x0000000082c00000, 0x0000000085b00000, 0x00000000d6400000)
  object space 48128K, 76% used [0x0000000082c00000,0x0000000084ff9978,0x0000000085b00000)
 Metaspace       used 3903K, capacity 4684K, committed 4864K, reserved 1056768K
  class space    used 420K, capacity 436K, committed 512K, reserved 1048576K
Event: 6093.082 GC heap after
Heap after GC invocations=2475 (full 9):
 PSYoungGen      total 583680K, used 5056K [0x00000000d6400000, 0x00000000ff800000, 0x0000000100000000)
  eden space 578560K, 0% used [0x00000000d6400000,0x00000000d6400000,0x00000000f9900000)
  from space 5120K, 98% used [0x00000000ff300000,0x00000000ff7f0000,0x00000000ff800000)
  to   space 10240K, 0% used [0x00000000fe400000,0x00000000fe400000,0x00000000fee00000)
 ParOldGen       total 48128K, used 36886K [0x0000000082c00000, 0x0000000085b00000, 0x00000000d6400000)
  object space 48128K, 76% used [0x0000000082c00000,0x0000000085005978,0x0000000085b00000)
 Metaspace       used 3903K, capacity 4684K, committed 4864K, reserved 1056768K
  class space    used 420K, capacity 436K, committed 512K, reserved 1048576K
}
Event: 6109.767 GC heap before
{Heap before GC invocations=2476 (full 9):
 PSYoungGen      total 583680K, used 583616K [0x00000000d6400000, 0x00000000ff800000, 0x0000000100000000)
  eden space 578560K, 100% used [0x00000000d6400000,0x00000000f9900000,0x00000000f9900000)
  from space 5120K, 98% used [0x00000000ff300000,0x00000000ff7f0000,0x00000000ff800000)
  to   space 10240K, 0% used [0x00000000fe400000,0x00000000fe400000,0x00000000fee00000)
 ParOldGen       total 48128K, used 36886K [0x0000000082c00000, 0x0000000085b00000, 0x00000000d6400000)
  object space 48128K, 76% used [0x0000000082c00000,0x0000000085005978,0x0000000085b00000)
 Metaspace       used 3903K, capacity 4684K, committed 4864K, reserved 1056768K
  class space    used 420K, capacity 436K, committed 512K, reserved 1048576K
Event: 6109.848 GC heap after
Heap after GC invocations=2476 (full 9):
 PSYoungGen      total 558080K, used 6560K [0x00000000d6400000, 0x00000000ff380000, 0x0000000100000000)
  eden space 551424K, 0% used [0x00000000d6400000,0x00000000d6400000,0x00000000f7e80000)
  from space 6656K, 98% used [0x00000000fe400000,0x00000000fea68000,0x00000000fea80000)
  to   space 9216K, 0% used [0x00000000fea80000,0x00000000fea80000,0x00000000ff380000)
 ParOldGen       total 48128K, used 36910K [0x0000000082c00000, 0x0000000085b00000, 0x00000000d6400000)
  object space 48128K, 76% used [0x0000000082c00000,0x000000008500b978,0x0000000085b00000)
 Metaspace       used 3903K, capacity 4684K, committed 4864K, reserved 1056768K
  class space    used 420K, capacity 436K, committed 512K, reserved 1048576K
}
Event: 6127.918 GC heap before
{Heap before GC invocations=2477 (full 9):
 PSYoungGen      total 558080K, used 557984K [0x00000000d6400000, 0x00000000ff380000, 0x0000000100000000)
  eden space 551424K, 100% used [0x00000000d6400000,0x00000000f7e80000,0x00000000f7e80000)
  from space 6656K, 98% used [0x00000000fe400000,0x00000000fea68000,0x00000000fea80000)
  to   space 9216K, 0% used [0x00000000fea80000,0x00000000fea80000,0x00000000ff380000)
 ParOldGen       total 48128K, used 36910K [0x0000000082c00000, 0x0000000085b00000, 0x00000000d6400000)
  object space 48128K, 76% used [0x0000000082c00000,0x000000008500b978,0x0000000085b00000)
 Metaspace       used 3903K, capacity 4684K, committed 4864K, reserved 1056768K
  class space    used 420K, capacity 436K, committed 512K, reserved 1048576K

